running egg_info
creating ../../build/follow_pkg/follow_pkg.egg-info
/usr/lib/python3/dist-packages/setuptools/command/install.py:34: SetuptoolsDeprecationWarning: setup.py install is deprecated. Use build and pip and other standards-based tools.
  warnings.warn(
writing ../../build/follow_pkg/follow_pkg.egg-info/PKG-INFO
writing dependency_links to ../../build/follow_pkg/follow_pkg.egg-info/dependency_links.txt
writing entry points to ../../build/follow_pkg/follow_pkg.egg-info/entry_points.txt
writing requirements to ../../build/follow_pkg/follow_pkg.egg-info/requires.txt
writing top-level names to ../../build/follow_pkg/follow_pkg.egg-info/top_level.txt
writing manifest file '../../build/follow_pkg/follow_pkg.egg-info/SOURCES.txt'
reading manifest file '../../build/follow_pkg/follow_pkg.egg-info/SOURCES.txt'
adding license file 'LICENSE'
writing manifest file '../../build/follow_pkg/follow_pkg.egg-info/SOURCES.txt'
running build
running build_py
creating /home/daniele/scoperta/build/follow_pkg/build
creating /home/daniele/scoperta/build/follow_pkg/build/lib
creating /home/daniele/scoperta/build/follow_pkg/build/lib/follow_pkg
copying follow_pkg/__init__.py -> /home/daniele/scoperta/build/follow_pkg/build/lib/follow_pkg
copying follow_pkg/follow.py -> /home/daniele/scoperta/build/follow_pkg/build/lib/follow_pkg
running install
running install_lib
creating /home/daniele/scoperta/install/follow_pkg/lib/python3.10/site-packages/follow_pkg
copying /home/daniele/scoperta/build/follow_pkg/build/lib/follow_pkg/__init__.py -> /home/daniele/scoperta/install/follow_pkg/lib/python3.10/site-packages/follow_pkg
copying /home/daniele/scoperta/build/follow_pkg/build/lib/follow_pkg/follow.py -> /home/daniele/scoperta/install/follow_pkg/lib/python3.10/site-packages/follow_pkg
byte-compiling /home/daniele/scoperta/install/follow_pkg/lib/python3.10/site-packages/follow_pkg/__init__.py to __init__.cpython-310.pyc
byte-compiling /home/daniele/scoperta/install/follow_pkg/lib/python3.10/site-packages/follow_pkg/follow.py to follow.cpython-310.pyc
running install_data
creating /home/daniele/scoperta/install/follow_pkg/share/ament_index
creating /home/daniele/scoperta/install/follow_pkg/share/ament_index/resource_index
creating /home/daniele/scoperta/install/follow_pkg/share/ament_index/resource_index/packages
error: can't copy 'resource/follow_pkg': doesn't exist or not a regular file
