running egg_info
writing ../../build/follow_pkg/follow_pkg.egg-info/PKG-INFO
writing dependency_links to ../../build/follow_pkg/follow_pkg.egg-info/dependency_links.txt
writing entry points to ../../build/follow_pkg/follow_pkg.egg-info/entry_points.txt
writing requirements to ../../build/follow_pkg/follow_pkg.egg-info/requires.txt
writing top-level names to ../../build/follow_pkg/follow_pkg.egg-info/top_level.txt
reading manifest file '../../build/follow_pkg/follow_pkg.egg-info/SOURCES.txt'
adding license file 'LICENSE'
writing manifest file '../../build/follow_pkg/follow_pkg.egg-info/SOURCES.txt'
running build
running build_py
copying follow_pkg/follow.py -> /home/daniele/scoperta/build/follow_pkg/build/lib/follow_pkg
running install
running install_lib
copying /home/daniele/scoperta/build/follow_pkg/build/lib/follow_pkg/follow.py -> /home/daniele/scoperta/install/follow_pkg/lib/python3.10/site-packages/follow_pkg
byte-compiling /home/daniele/scoperta/install/follow_pkg/lib/python3.10/site-packages/follow_pkg/follow.py to follow.cpython-310.pyc
running install_data
running install_egg_info
removing '/home/daniele/scoperta/install/follow_pkg/lib/python3.10/site-packages/follow_pkg-0.0.0-py3.10.egg-info' (and everything under it)
Copying ../../build/follow_pkg/follow_pkg.egg-info to /home/daniele/scoperta/install/follow_pkg/lib/python3.10/site-packages/follow_pkg-0.0.0-py3.10.egg-info
running install_scripts
Installing follow script to /home/daniele/scoperta/install/follow_pkg/lib/follow_pkg
writing list of installed files to '/home/daniele/scoperta/build/follow_pkg/install.log'
