[0.551s] Invoking command in '/home/daniele/scoperta/src/follow_pkg': PYTHONPATH=/home/daniele/scoperta/build/follow_pkg/prefix_override:/home/daniele/scoperta/install/follow_pkg/lib/python3.10/site-packages:${PYTHONPATH} /usr/bin/python3 setup.py egg_info --egg-base ../../build/follow_pkg build --build-base /home/daniele/scoperta/build/follow_pkg/build install --record /home/daniele/scoperta/build/follow_pkg/install.log --single-version-externally-managed
[0.713s] running egg_info
[0.714s] writing ../../build/follow_pkg/follow_pkg.egg-info/PKG-INFO
[0.714s] writing dependency_links to ../../build/follow_pkg/follow_pkg.egg-info/dependency_links.txt
[0.714s] writing entry points to ../../build/follow_pkg/follow_pkg.egg-info/entry_points.txt
[0.714s] writing requirements to ../../build/follow_pkg/follow_pkg.egg-info/requires.txt
[0.714s] writing top-level names to ../../build/follow_pkg/follow_pkg.egg-info/top_level.txt
[0.716s] reading manifest file '../../build/follow_pkg/follow_pkg.egg-info/SOURCES.txt'
[0.716s] adding license file 'LICENSE'
[0.716s] writing manifest file '../../build/follow_pkg/follow_pkg.egg-info/SOURCES.txt'
[0.716s] running build
[0.716s] running build_py
[0.716s] copying follow_pkg/follow.py -> /home/daniele/scoperta/build/follow_pkg/build/lib/follow_pkg
[0.717s] running install
[0.717s] /usr/lib/python3/dist-packages/setuptools/command/install.py:34: SetuptoolsDeprecationWarning: setup.py install is deprecated. Use build and pip and other standards-based tools.
[0.717s]   warnings.warn(
[0.717s] running install_lib
[0.718s] copying /home/daniele/scoperta/build/follow_pkg/build/lib/follow_pkg/follow.py -> /home/daniele/scoperta/install/follow_pkg/lib/python3.10/site-packages/follow_pkg
[0.718s] byte-compiling /home/daniele/scoperta/install/follow_pkg/lib/python3.10/site-packages/follow_pkg/follow.py to follow.cpython-310.pyc
[0.719s] running install_data
[0.719s] running install_egg_info
[0.720s] removing '/home/daniele/scoperta/install/follow_pkg/lib/python3.10/site-packages/follow_pkg-0.0.0-py3.10.egg-info' (and everything under it)
[0.720s] Copying ../../build/follow_pkg/follow_pkg.egg-info to /home/daniele/scoperta/install/follow_pkg/lib/python3.10/site-packages/follow_pkg-0.0.0-py3.10.egg-info
[0.721s] running install_scripts
[0.748s] Installing follow script to /home/daniele/scoperta/install/follow_pkg/lib/follow_pkg
[0.748s] writing list of installed files to '/home/daniele/scoperta/build/follow_pkg/install.log'
[0.765s] Invoked command in '/home/daniele/scoperta/src/follow_pkg' returned '0': PYTHONPATH=/home/daniele/scoperta/build/follow_pkg/prefix_override:/home/daniele/scoperta/install/follow_pkg/lib/python3.10/site-packages:${PYTHONPATH} /usr/bin/python3 setup.py egg_info --egg-base ../../build/follow_pkg build --build-base /home/daniele/scoperta/build/follow_pkg/build install --record /home/daniele/scoperta/build/follow_pkg/install.log --single-version-externally-managed
