running egg_info
writing ../../build/follow_pkg/follow_pkg.egg-info/PKG-INFO
writing dependency_links to ../../build/follow_pkg/follow_pkg.egg-info/dependency_links.txt
writing entry points to ../../build/follow_pkg/follow_pkg.egg-info/entry_points.txt
writing requirements to ../../build/follow_pkg/follow_pkg.egg-info/requires.txt
writing top-level names to ../../build/follow_pkg/follow_pkg.egg-info/top_level.txt
reading manifest file '../../build/follow_pkg/follow_pkg.egg-info/SOURCES.txt'
adding license file 'LICENSE'
writing manifest file '../../build/follow_pkg/follow_pkg.egg-info/SOURCES.txt'
running build
running build_py
running install
running install_lib
running install_data
copying resource/follow_pkg -> /home/daniele/scoperta/install/follow_pkg/share/ament_index/resource_index/packages
copying package.xml -> /home/daniele/scoperta/install/follow_pkg/share/follow_pkg
running install_egg_info
Copying ../../build/follow_pkg/follow_pkg.egg-info to /home/daniele/scoperta/install/follow_pkg/lib/python3.10/site-packages/follow_pkg-0.0.0-py3.10.egg-info
running install_scripts
writing list of installed files to '/home/daniele/scoperta/build/follow_pkg/install.log'
