[0.533s] Invoking command in '/home/daniele/scoperta/src/follow_pkg': PYTHONPATH=/home/daniele/scoperta/build/follow_pkg/prefix_override:/home/daniele/scoperta/install/follow_pkg/lib/python3.10/site-packages:${PYTHONPATH} /usr/bin/python3 setup.py egg_info --egg-base ../../build/follow_pkg build --build-base /home/daniele/scoperta/build/follow_pkg/build install --record /home/daniele/scoperta/build/follow_pkg/install.log --single-version-externally-managed
[0.706s] running egg_info
[0.706s] writing ../../build/follow_pkg/follow_pkg.egg-info/PKG-INFO
[0.707s] writing dependency_links to ../../build/follow_pkg/follow_pkg.egg-info/dependency_links.txt
[0.707s] writing entry points to ../../build/follow_pkg/follow_pkg.egg-info/entry_points.txt
[0.707s] writing requirements to ../../build/follow_pkg/follow_pkg.egg-info/requires.txt
[0.707s] writing top-level names to ../../build/follow_pkg/follow_pkg.egg-info/top_level.txt
[0.708s] reading manifest file '../../build/follow_pkg/follow_pkg.egg-info/SOURCES.txt'
[0.708s] adding license file 'LICENSE'
[0.709s] writing manifest file '../../build/follow_pkg/follow_pkg.egg-info/SOURCES.txt'
[0.709s] running build
[0.709s] running build_py
[0.709s] copying follow_pkg/follow.py -> /home/daniele/scoperta/build/follow_pkg/build/lib/follow_pkg
[0.709s] /usr/lib/python3/dist-packages/setuptools/command/install.py:34: SetuptoolsDeprecationWarning: setup.py install is deprecated. Use build and pip and other standards-based tools.
[0.709s]   warnings.warn(
[0.709s] running install
[0.709s] running install_lib
[0.710s] copying /home/daniele/scoperta/build/follow_pkg/build/lib/follow_pkg/follow.py -> /home/daniele/scoperta/install/follow_pkg/lib/python3.10/site-packages/follow_pkg
[0.710s] byte-compiling /home/daniele/scoperta/install/follow_pkg/lib/python3.10/site-packages/follow_pkg/follow.py to follow.cpython-310.pyc
[0.711s] running install_data
[0.711s] error: can't copy 'resource/follow_pkg': doesn't exist or not a regular file
[0.726s] Invoked command in '/home/daniele/scoperta/src/follow_pkg' returned '1': PYTHONPATH=/home/daniele/scoperta/build/follow_pkg/prefix_override:/home/daniele/scoperta/install/follow_pkg/lib/python3.10/site-packages:${PYTHONPATH} /usr/bin/python3 setup.py egg_info --egg-base ../../build/follow_pkg build --build-base /home/daniele/scoperta/build/follow_pkg/build install --record /home/daniele/scoperta/build/follow_pkg/install.log --single-version-externally-managed
